2025-10-10 15:56:14 [Worker-2] INFO  com.solvd.connectionpool.ConnectionPool - Worker-2 acquired AccountDao{id=2}
2025-10-10 15:56:14 [Worker-1] INFO  com.solvd.connectionpool.ConnectionPool - Worker-1 acquired AccountDao{id=1}
2025-10-10 15:56:14 [Worker-7] INFO  com.solvd.connectionpool.ConnectionPool - Worker-7 acquired AccountDao{id=5}
2025-10-10 15:56:14 [Worker-3] INFO  com.solvd.connectionpool.ConnectionPool - Worker-3 acquired AccountDao{id=3}
2025-10-10 15:56:14 [Worker-6] INFO  com.solvd.connectionpool.ConnectionPool - Worker-6 acquired AccountDao{id=4}
2025-10-10 15:56:14 [ForkJoinPool.commonPool-worker-1] INFO  com.solvd.connectionpool.AccountDao - ForkJoinPool.commonPool-worker-1 - Reading account (Conn 2)
2025-10-10 15:56:14 [ForkJoinPool.commonPool-worker-4] INFO  com.solvd.connectionpool.AccountDao - ForkJoinPool.commonPool-worker-4 - Reading account (Conn 1)
2025-10-10 15:56:14 [ForkJoinPool.commonPool-worker-1] INFO  com.solvd.connectionpool.demo.ConnectionPoolDemoWithFutures - ForkJoinPool.commonPool-worker-1 completed async read task
2025-10-10 15:56:14 [ForkJoinPool.commonPool-worker-5] INFO  com.solvd.connectionpool.AccountDao - ForkJoinPool.commonPool-worker-5 - Reading account (Conn 3)
2025-10-10 15:56:14 [ForkJoinPool.commonPool-worker-3] INFO  com.solvd.connectionpool.AccountDao - ForkJoinPool.commonPool-worker-3 - Reading account (Conn 4)
2025-10-10 15:56:14 [ForkJoinPool.commonPool-worker-2] INFO  com.solvd.connectionpool.AccountDao - ForkJoinPool.commonPool-worker-2 - Reading account (Conn 5)
2025-10-10 15:56:14 [ForkJoinPool.commonPool-worker-4] INFO  com.solvd.connectionpool.demo.ConnectionPoolDemoWithFutures - ForkJoinPool.commonPool-worker-4 completed async read task
2025-10-10 15:56:14 [ForkJoinPool.commonPool-worker-3] INFO  com.solvd.connectionpool.demo.ConnectionPoolDemoWithFutures - ForkJoinPool.commonPool-worker-3 completed async read task
2025-10-10 15:56:14 [ForkJoinPool.commonPool-worker-5] INFO  com.solvd.connectionpool.demo.ConnectionPoolDemoWithFutures - ForkJoinPool.commonPool-worker-5 completed async read task
2025-10-10 15:56:14 [ForkJoinPool.commonPool-worker-2] INFO  com.solvd.connectionpool.demo.ConnectionPoolDemoWithFutures - ForkJoinPool.commonPool-worker-2 completed async read task
2025-10-10 15:56:15 [ForkJoinPool.commonPool-worker-8] INFO  com.solvd.connectionpool.demo.ConnectionPoolDemoWithFutures - ForkJoinPool.commonPool-worker-8 completed async compute task
2025-10-10 15:56:15 [ForkJoinPool.commonPool-worker-10] INFO  com.solvd.connectionpool.demo.ConnectionPoolDemoWithFutures - ForkJoinPool.commonPool-worker-10 completed async compute task
2025-10-10 15:56:15 [ForkJoinPool.commonPool-worker-6] INFO  com.solvd.connectionpool.demo.ConnectionPoolDemoWithFutures - ForkJoinPool.commonPool-worker-6 completed async compute task
2025-10-10 15:56:15 [ForkJoinPool.commonPool-worker-7] INFO  com.solvd.connectionpool.demo.ConnectionPoolDemoWithFutures - ForkJoinPool.commonPool-worker-7 completed async compute task
2025-10-10 15:56:15 [ForkJoinPool.commonPool-worker-9] INFO  com.solvd.connectionpool.demo.ConnectionPoolDemoWithFutures - ForkJoinPool.commonPool-worker-9 completed async compute task
2025-10-10 15:56:16 [Worker-7] INFO  com.solvd.connectionpool.ConnectionPool - Worker-7 released AccountDao{id=5}
2025-10-10 15:56:16 [Worker-6] INFO  com.solvd.connectionpool.ConnectionPool - Worker-6 released AccountDao{id=4}
2025-10-10 15:56:16 [Worker-4] INFO  com.solvd.connectionpool.ConnectionPool - Worker-4 acquired AccountDao{id=5}
2025-10-10 15:56:16 [Worker-3] INFO  com.solvd.connectionpool.ConnectionPool - Worker-3 released AccountDao{id=3}
2025-10-10 15:56:16 [Worker-1] INFO  com.solvd.connectionpool.ConnectionPool - Worker-1 released AccountDao{id=1}
2025-10-10 15:56:16 [Worker-2] INFO  com.solvd.connectionpool.ConnectionPool - Worker-2 released AccountDao{id=2}
2025-10-10 15:56:16 [Worker-5] INFO  com.solvd.connectionpool.ConnectionPool - Worker-5 acquired AccountDao{id=1}
2025-10-10 15:56:16 [ForkJoinPool.commonPool-worker-9] INFO  com.solvd.connectionpool.AccountDao - ForkJoinPool.commonPool-worker-9 - Reading account (Conn 5)
2025-10-10 15:56:16 [ForkJoinPool.commonPool-worker-10] INFO  com.solvd.connectionpool.AccountDao - ForkJoinPool.commonPool-worker-10 - Reading account (Conn 1)
2025-10-10 15:56:16 [ForkJoinPool.commonPool-worker-9] INFO  com.solvd.connectionpool.demo.ConnectionPoolDemoWithFutures - ForkJoinPool.commonPool-worker-9 completed async read task
2025-10-10 15:56:16 [ForkJoinPool.commonPool-worker-10] INFO  com.solvd.connectionpool.demo.ConnectionPoolDemoWithFutures - ForkJoinPool.commonPool-worker-10 completed async read task
2025-10-10 15:56:16 [ForkJoinPool.commonPool-worker-7] INFO  com.solvd.connectionpool.demo.ConnectionPoolDemoWithFutures - ForkJoinPool.commonPool-worker-7 completed async compute task
2025-10-10 15:56:16 [ForkJoinPool.commonPool-worker-8] INFO  com.solvd.connectionpool.demo.ConnectionPoolDemoWithFutures - ForkJoinPool.commonPool-worker-8 completed async compute task
2025-10-10 15:56:17 [Worker-4] INFO  com.solvd.connectionpool.ConnectionPool - Worker-4 released AccountDao{id=5}
2025-10-10 15:56:17 [Worker-5] INFO  com.solvd.connectionpool.ConnectionPool - Worker-5 released AccountDao{id=1}
2025-10-10 15:57:37 [pool-2-thread-1] INFO  com.solvd.connectionpool.ConnectionPool - pool-2-thread-1 acquired AccountDao{id=1}
2025-10-10 15:57:37 [pool-2-thread-6] INFO  com.solvd.connectionpool.ConnectionPool - pool-2-thread-6 acquired AccountDao{id=5}
2025-10-10 15:57:37 [pool-2-thread-7] INFO  com.solvd.connectionpool.ConnectionPool - pool-2-thread-7 acquired AccountDao{id=3}
2025-10-10 15:57:37 [pool-2-thread-2] INFO  com.solvd.connectionpool.ConnectionPool - pool-2-thread-2 acquired AccountDao{id=2}
2025-10-10 15:57:37 [pool-2-thread-4] INFO  com.solvd.connectionpool.ConnectionPool - pool-2-thread-4 acquired AccountDao{id=4}
2025-10-10 15:57:37 [pool-2-thread-1] INFO  com.solvd.connectionpool.AccountDao - pool-2-thread-1 - Updating account (Conn 1)
2025-10-10 15:57:37 [pool-2-thread-4] INFO  com.solvd.connectionpool.AccountDao - pool-2-thread-4 - Updating account (Conn 4)
2025-10-10 15:57:37 [pool-2-thread-2] INFO  com.solvd.connectionpool.AccountDao - pool-2-thread-2 - Updating account (Conn 2)
2025-10-10 15:57:37 [pool-2-thread-6] INFO  com.solvd.connectionpool.AccountDao - pool-2-thread-6 - Updating account (Conn 5)
2025-10-10 15:57:37 [pool-2-thread-7] INFO  com.solvd.connectionpool.AccountDao - pool-2-thread-7 - Updating account (Conn 3)
2025-10-10 15:57:39 [pool-2-thread-2] INFO  com.solvd.connectionpool.ConnectionPool - pool-2-thread-2 released AccountDao{id=2}
2025-10-10 15:57:39 [pool-2-thread-6] INFO  com.solvd.connectionpool.ConnectionPool - pool-2-thread-6 released AccountDao{id=5}
2025-10-10 15:57:39 [pool-2-thread-7] INFO  com.solvd.connectionpool.ConnectionPool - pool-2-thread-7 released AccountDao{id=3}
2025-10-10 15:57:39 [pool-2-thread-5] INFO  com.solvd.connectionpool.ConnectionPool - pool-2-thread-5 acquired AccountDao{id=2}
2025-10-10 15:57:39 [pool-2-thread-3] INFO  com.solvd.connectionpool.ConnectionPool - pool-2-thread-3 acquired AccountDao{id=5}
2025-10-10 15:57:39 [pool-2-thread-4] INFO  com.solvd.connectionpool.ConnectionPool - pool-2-thread-4 released AccountDao{id=4}
2025-10-10 15:57:39 [pool-2-thread-3] INFO  com.solvd.connectionpool.AccountDao - pool-2-thread-3 - Updating account (Conn 5)
2025-10-10 15:57:39 [pool-2-thread-1] INFO  com.solvd.connectionpool.ConnectionPool - pool-2-thread-1 released AccountDao{id=1}
2025-10-10 15:57:39 [pool-2-thread-5] INFO  com.solvd.connectionpool.AccountDao - pool-2-thread-5 - Updating account (Conn 2)
2025-10-10 15:57:40 [pool-2-thread-3] INFO  com.solvd.connectionpool.ConnectionPool - pool-2-thread-3 released AccountDao{id=5}
2025-10-10 15:57:40 [pool-2-thread-5] INFO  com.solvd.connectionpool.ConnectionPool - pool-2-thread-5 released AccountDao{id=2}
2025-10-10 15:57:40 [main] INFO  com.solvd.connectionpool.demo.ExecutorServiceDemo - All tasks completed.
2025-10-10 15:57:44 [main] INFO  com.solvd.companyhierarchy.utils.service.PayrollService - PayrollService loaded with default tax rate 10.0%
2025-10-10 15:57:44 [main] INFO  com.solvd.companyhierarchy.utils.service.PayrollService - Payroll processed for Alice Liddell | Gross: 8000 | Net: 7200.0
2025-10-10 15:57:44 [main] INFO  com.solvd.companyhierarchy.utils.service.PayrollService - Payroll processed for Bob Marley | Gross: 5000 | Net: 4500.0
2025-10-10 15:57:44 [main] INFO  com.solvd.companyhierarchy.utils.service.PayrollService - Payroll processed for Diana Kruger | Gross: 4000 | Net: 3600.0
2025-10-10 15:57:44 [main] INFO  com.solvd.companyhierarchy.demo.Main - Senior Employee: Bob Marley
2025-10-10 15:57:44 [main] INFO  com.solvd.companyhierarchy.demo.Main - Task: Design UI | Status: Completed
2025-10-10 15:57:44 [main] INFO  com.solvd.companyhierarchy.demo.Main - Final project state: IN_PROGRESS
2025-10-10 15:57:44 [main] INFO  com.solvd.companyhierarchy.demo.Main - Assigned tasks: [Task: Implement Backend | Status: Active, Task: Design UI | Status: Completed]
2025-10-10 15:57:44 [main] INFO  com.solvd.companyhierarchy.company.meetingroom.MeetingRoom - Room: Conference Room A scheduled for 12/09/2025 18:30
2025-10-10 15:57:44 [main] INFO  com.solvd.companyhierarchy.demo.Main - Audit -> category: security | invoking setName with arg: Acme Inc
2025-10-10 15:57:44 [main] INFO  com.solvd.companyhierarchy.demo.Main - Audit -> category: business | invoking setIndustry with arg: Acme Inc
2025-10-10 15:57:44 [main] INFO  com.solvd.companyhierarchy.demo.Main - Contract C-1001 signed with Acme Inc worth 20000.0$
2025-10-10 15:57:44 [main] INFO  com.solvd.companyhierarchy.company.meetingroom.MeetingRoomSession - Meeting room - Conference Room A booked at 18:30
2025-10-10 15:57:44 [main] INFO  com.solvd.companyhierarchy.company.meetingroom.MeetingRoomSession - Meeting held in Conference Room A at 18:30. Reason: 'Quarterly Planning'.
2025-10-10 15:57:44 [main] INFO  com.solvd.companyhierarchy.company.meetingroom.MeetingRoomSession - Meeting room Conference Room A released.
